0 info it worked if it ends with ok
1 verbose cli [ '/usr/local/bin/node', '/usr/local/bin/npm', 'install', 'node' ]
2 info using npm@3.10.10
3 info using node@v6.11.2
4 silly loadCurrentTree Starting
5 silly install loadCurrentTree
6 silly install readLocalPackageData
7 silly fetchPackageMetaData node
8 silly fetchNamedPackageData node
9 silly mapToRegistry name node
10 silly mapToRegistry using default registry
11 silly mapToRegistry registry https://registry.npmjs.org/
12 silly mapToRegistry data Result {
12 silly mapToRegistry   raw: 'node',
12 silly mapToRegistry   scope: null,
12 silly mapToRegistry   escapedName: 'node',
12 silly mapToRegistry   name: 'node',
12 silly mapToRegistry   rawSpec: '',
12 silly mapToRegistry   spec: 'latest',
12 silly mapToRegistry   type: 'tag' }
13 silly mapToRegistry uri https://registry.npmjs.org/node
14 verbose request uri https://registry.npmjs.org/node
15 verbose request no auth needed
16 info attempt registry request try #1 at 5:16:37 PM
17 verbose request id 58580d9de65a1436
18 http request GET https://registry.npmjs.org/node
19 http 200 https://registry.npmjs.org/node
20 verbose headers { server: 'nginx/1.10.1',
20 verbose headers   'content-type': 'application/json',
20 verbose headers   'last-modified': 'Fri, 01 Sep 2017 16:19:59 GMT',
20 verbose headers   etag: 'W/"59a988af-4e335"',
20 verbose headers   'content-encoding': 'gzip',
20 verbose headers   'cache-control': 'max-age=300',
20 verbose headers   'content-length': '51496',
20 verbose headers   'accept-ranges': 'bytes',
20 verbose headers   date: 'Mon, 04 Sep 2017 16:16:37 GMT',
20 verbose headers   via: '1.1 varnish',
20 verbose headers   age: '0',
20 verbose headers   connection: 'keep-alive',
20 verbose headers   'x-served-by': 'cache-hhn1526-HHN',
20 verbose headers   'x-cache': 'MISS',
20 verbose headers   'x-cache-hits': '0',
20 verbose headers   'x-timer': 'S1504541798.527873,VS0,VE2',
20 verbose headers   vary: 'Accept-Encoding, Accept' }
21 silly get cb [ 200,
21 silly get   { server: 'nginx/1.10.1',
21 silly get     'content-type': 'application/json',
21 silly get     'last-modified': 'Fri, 01 Sep 2017 16:19:59 GMT',
21 silly get     etag: 'W/"59a988af-4e335"',
21 silly get     'content-encoding': 'gzip',
21 silly get     'cache-control': 'max-age=300',
21 silly get     'content-length': '51496',
21 silly get     'accept-ranges': 'bytes',
21 silly get     date: 'Mon, 04 Sep 2017 16:16:37 GMT',
21 silly get     via: '1.1 varnish',
21 silly get     age: '0',
21 silly get     connection: 'keep-alive',
21 silly get     'x-served-by': 'cache-hhn1526-HHN',
21 silly get     'x-cache': 'MISS',
21 silly get     'x-cache-hits': '0',
21 silly get     'x-timer': 'S1504541798.527873,VS0,VE2',
21 silly get     vary: 'Accept-Encoding, Accept' } ]
22 verbose get saving node to /Users/stephengeller/.npm/registry.npmjs.org/node/.cache.json
23 verbose correctMkdir /Users/stephengeller/.npm correctMkdir not in flight; initializing
24 silly install normalizeTree
25 silly loadCurrentTree Finishing
26 silly loadIdealTree Starting
27 silly install loadIdealTree
28 silly cloneCurrentTree Starting
29 silly install cloneCurrentTreeToIdealTree
30 silly cloneCurrentTree Finishing
31 silly loadShrinkwrap Starting
32 silly install loadShrinkwrap
33 silly loadShrinkwrap Finishing
34 silly loadAllDepsIntoIdealTree Starting
35 silly install loadAllDepsIntoIdealTree
36 silly resolveWithNewModule node@8.3.0 checking installable status
37 silly cache add args [ 'node', null ]
38 verbose cache add spec node
39 silly cache add parsed spec Result {
39 silly cache add   raw: 'node',
39 silly cache add   scope: null,
39 silly cache add   escapedName: 'node',
39 silly cache add   name: 'node',
39 silly cache add   rawSpec: '',
39 silly cache add   spec: 'latest',
39 silly cache add   type: 'tag' }
40 silly addNamed node@latest
41 verbose addNamed "latest" is being treated as a dist-tag for node
42 info addNameTag [ 'node', 'latest' ]
43 silly mapToRegistry name node
44 silly mapToRegistry using default registry
45 silly mapToRegistry registry https://registry.npmjs.org/
46 silly mapToRegistry data Result {
46 silly mapToRegistry   raw: 'node',
46 silly mapToRegistry   scope: null,
46 silly mapToRegistry   escapedName: 'node',
46 silly mapToRegistry   name: 'node',
46 silly mapToRegistry   rawSpec: '',
46 silly mapToRegistry   spec: 'latest',
46 silly mapToRegistry   type: 'tag' }
47 silly mapToRegistry uri https://registry.npmjs.org/node
48 verbose addNameTag registry:https://registry.npmjs.org/node not in flight; fetching
49 verbose get https://registry.npmjs.org/node not expired, no request
50 silly addNameTag next cb for node with tag latest
51 silly addNamed node@8.3.0
52 verbose addNamed "8.3.0" is a plain semver version for node
53 silly mapToRegistry name node
54 silly mapToRegistry using default registry
55 silly mapToRegistry registry https://registry.npmjs.org/
56 silly mapToRegistry data Result {
56 silly mapToRegistry   raw: 'node',
56 silly mapToRegistry   scope: null,
56 silly mapToRegistry   escapedName: 'node',
56 silly mapToRegistry   name: 'node',
56 silly mapToRegistry   rawSpec: '',
56 silly mapToRegistry   spec: 'latest',
56 silly mapToRegistry   type: 'tag' }
57 silly mapToRegistry uri https://registry.npmjs.org/node
58 verbose addRemoteTarball https://registry.npmjs.org/node/-/node-8.3.0.tgz not in flight; adding
59 verbose addRemoteTarball [ 'https://registry.npmjs.org/node/-/node-8.3.0.tgz',
59 verbose addRemoteTarball   '478e84ffcc4be39938306ace1c4613c8231e5f44' ]
60 info retry fetch attempt 1 at 5:16:37 PM
61 info attempt registry request try #1 at 5:16:37 PM
62 http fetch GET https://registry.npmjs.org/node/-/node-8.3.0.tgz
63 http fetch 200 https://registry.npmjs.org/node/-/node-8.3.0.tgz
64 silly fetchAndShaCheck shasum 478e84ffcc4be39938306ace1c4613c8231e5f44
65 verbose addTmpTarball /var/folders/5h/nqzchcrj4wqfcwdg7_m6xdm80000gn/T/npm-3433-a5b2c060/registry.npmjs.org/node/-/node-8.3.0.tgz not in flight; adding
66 verbose addTmpTarball already have metadata; skipping unpack for node@8.3.0
67 verbose correctMkdir /Users/stephengeller/.npm correctMkdir not in flight; initializing
68 silly cache afterAdd node@8.3.0
69 verbose afterAdd /Users/stephengeller/.npm/node/8.3.0/package/package.json not in flight; writing
70 verbose correctMkdir /Users/stephengeller/.npm correctMkdir not in flight; initializing
71 verbose afterAdd /Users/stephengeller/.npm/node/8.3.0/package/package.json written
72 silly fetchNamedPackageData node-bin-setup
73 silly mapToRegistry name node-bin-setup
74 silly mapToRegistry using default registry
75 silly mapToRegistry registry https://registry.npmjs.org/
76 silly mapToRegistry data Result {
76 silly mapToRegistry   raw: 'node-bin-setup',
76 silly mapToRegistry   scope: null,
76 silly mapToRegistry   escapedName: 'node-bin-setup',
76 silly mapToRegistry   name: 'node-bin-setup',
76 silly mapToRegistry   rawSpec: '',
76 silly mapToRegistry   spec: 'latest',
76 silly mapToRegistry   type: 'tag' }
77 silly mapToRegistry uri https://registry.npmjs.org/node-bin-setup
78 verbose request uri https://registry.npmjs.org/node-bin-setup
79 verbose request no auth needed
80 info attempt registry request try #1 at 5:16:37 PM
81 http request GET https://registry.npmjs.org/node-bin-setup
82 http 200 https://registry.npmjs.org/node-bin-setup
83 verbose headers { server: 'nginx/1.10.1',
83 verbose headers   'content-type': 'application/json',
83 verbose headers   'last-modified': 'Tue, 25 Jul 2017 03:32:58 GMT',
83 verbose headers   etag: 'W/"5976bbea-1511"',
83 verbose headers   'content-encoding': 'gzip',
83 verbose headers   'cache-control': 'max-age=300',
83 verbose headers   'content-length': '1464',
83 verbose headers   'accept-ranges': 'bytes',
83 verbose headers   date: 'Mon, 04 Sep 2017 16:16:37 GMT',
83 verbose headers   via: '1.1 varnish',
83 verbose headers   age: '0',
83 verbose headers   connection: 'keep-alive',
83 verbose headers   'x-served-by': 'cache-hhn1526-HHN',
83 verbose headers   'x-cache': 'MISS',
83 verbose headers   'x-cache-hits': '0',
83 verbose headers   'x-timer': 'S1504541798.799330,VS0,VE94',
83 verbose headers   vary: 'Accept-Encoding, Accept' }
84 silly get cb [ 200,
84 silly get   { server: 'nginx/1.10.1',
84 silly get     'content-type': 'application/json',
84 silly get     'last-modified': 'Tue, 25 Jul 2017 03:32:58 GMT',
84 silly get     etag: 'W/"5976bbea-1511"',
84 silly get     'content-encoding': 'gzip',
84 silly get     'cache-control': 'max-age=300',
84 silly get     'content-length': '1464',
84 silly get     'accept-ranges': 'bytes',
84 silly get     date: 'Mon, 04 Sep 2017 16:16:37 GMT',
84 silly get     via: '1.1 varnish',
84 silly get     age: '0',
84 silly get     connection: 'keep-alive',
84 silly get     'x-served-by': 'cache-hhn1526-HHN',
84 silly get     'x-cache': 'MISS',
84 silly get     'x-cache-hits': '0',
84 silly get     'x-timer': 'S1504541798.799330,VS0,VE94',
84 silly get     vary: 'Accept-Encoding, Accept' } ]
85 verbose get saving node-bin-setup to /Users/stephengeller/.npm/registry.npmjs.org/node-bin-setup/.cache.json
86 verbose correctMkdir /Users/stephengeller/.npm correctMkdir not in flight; initializing
87 silly resolveWithNewModule node-bin-setup@1.0.6 checking installable status
88 silly cache add args [ 'node-bin-setup@^1.0.0', null ]
89 verbose cache add spec node-bin-setup@^1.0.0
90 silly cache add parsed spec Result {
90 silly cache add   raw: 'node-bin-setup@^1.0.0',
90 silly cache add   scope: null,
90 silly cache add   escapedName: 'node-bin-setup',
90 silly cache add   name: 'node-bin-setup',
90 silly cache add   rawSpec: '^1.0.0',
90 silly cache add   spec: '>=1.0.0 <2.0.0',
90 silly cache add   type: 'range' }
91 silly addNamed node-bin-setup@>=1.0.0 <2.0.0
92 verbose addNamed ">=1.0.0 <2.0.0" is a valid semver range for node-bin-setup
93 silly addNameRange { name: 'node-bin-setup',
93 silly addNameRange   range: '>=1.0.0 <2.0.0',
93 silly addNameRange   hasData: false }
94 silly mapToRegistry name node-bin-setup
95 silly mapToRegistry using default registry
96 silly mapToRegistry registry https://registry.npmjs.org/
97 silly mapToRegistry data Result {
97 silly mapToRegistry   raw: 'node-bin-setup',
97 silly mapToRegistry   scope: null,
97 silly mapToRegistry   escapedName: 'node-bin-setup',
97 silly mapToRegistry   name: 'node-bin-setup',
97 silly mapToRegistry   rawSpec: '',
97 silly mapToRegistry   spec: 'latest',
97 silly mapToRegistry   type: 'tag' }
98 silly mapToRegistry uri https://registry.npmjs.org/node-bin-setup
99 verbose addNameRange registry:https://registry.npmjs.org/node-bin-setup not in flight; fetching
100 verbose get https://registry.npmjs.org/node-bin-setup not expired, no request
101 silly addNameRange number 2 { name: 'node-bin-setup',
101 silly addNameRange   range: '>=1.0.0 <2.0.0',
101 silly addNameRange   hasData: true }
102 silly addNameRange versions [ 'node-bin-setup',
102 silly addNameRange   [ '1.0.0', '1.0.1', '1.0.2', '1.0.3', '1.0.4', '1.0.6' ] ]
103 silly addNamed node-bin-setup@1.0.6
104 verbose addNamed "1.0.6" is a plain semver version for node-bin-setup
105 silly mapToRegistry name node-bin-setup
106 silly mapToRegistry using default registry
107 silly mapToRegistry registry https://registry.npmjs.org/
108 silly mapToRegistry data Result {
108 silly mapToRegistry   raw: 'node-bin-setup',
108 silly mapToRegistry   scope: null,
108 silly mapToRegistry   escapedName: 'node-bin-setup',
108 silly mapToRegistry   name: 'node-bin-setup',
108 silly mapToRegistry   rawSpec: '',
108 silly mapToRegistry   spec: 'latest',
108 silly mapToRegistry   type: 'tag' }
109 silly mapToRegistry uri https://registry.npmjs.org/node-bin-setup
110 verbose addRemoteTarball https://registry.npmjs.org/node-bin-setup/-/node-bin-setup-1.0.6.tgz not in flight; adding
111 verbose addRemoteTarball [ 'https://registry.npmjs.org/node-bin-setup/-/node-bin-setup-1.0.6.tgz',
111 verbose addRemoteTarball   '4b5c9bb937ece702d7069b36ca78af4684677528' ]
112 info retry fetch attempt 1 at 5:16:37 PM
113 info attempt registry request try #1 at 5:16:37 PM
114 http fetch GET https://registry.npmjs.org/node-bin-setup/-/node-bin-setup-1.0.6.tgz
115 http fetch 200 https://registry.npmjs.org/node-bin-setup/-/node-bin-setup-1.0.6.tgz
116 silly fetchAndShaCheck shasum 4b5c9bb937ece702d7069b36ca78af4684677528
117 verbose addTmpTarball /var/folders/5h/nqzchcrj4wqfcwdg7_m6xdm80000gn/T/npm-3433-a5b2c060/registry.npmjs.org/node-bin-setup/-/node-bin-setup-1.0.6.tgz not in flight; adding
118 verbose addTmpTarball already have metadata; skipping unpack for node-bin-setup@1.0.6
119 verbose correctMkdir /Users/stephengeller/.npm correctMkdir not in flight; initializing
120 silly cache afterAdd node-bin-setup@1.0.6
121 verbose afterAdd /Users/stephengeller/.npm/node-bin-setup/1.0.6/package/package.json not in flight; writing
122 verbose correctMkdir /Users/stephengeller/.npm correctMkdir not in flight; initializing
123 verbose afterAdd /Users/stephengeller/.npm/node-bin-setup/1.0.6/package/package.json written
124 silly loadAllDepsIntoIdealTree Finishing
125 silly loadIdealTree Finishing
126 silly currentTree drpjsmakersbnb@1.0.0
126 silly currentTree ├── abab@1.0.3
126 silly currentTree ├── accepts@1.3.4
126 silly currentTree ├── acorn-globals@1.0.9
126 silly currentTree ├── acorn@2.7.0
126 silly currentTree ├── ajv@4.11.8
126 silly currentTree ├── amdefine@1.0.1
126 silly currentTree ├── array-flatten@1.1.1
126 silly currentTree ├── asn1@0.2.3
126 silly currentTree ├── assert-plus@0.2.0
126 silly currentTree ├── assertion-error@1.0.2
126 silly currentTree ├── asynckit@0.4.0
126 silly currentTree ├── aws-sign2@0.6.0
126 silly currentTree ├── aws4@1.6.0
126 silly currentTree ├── babel-runtime@5.8.29
126 silly currentTree ├── balanced-match@1.0.0
126 silly currentTree ├── bcrypt-pbkdf@1.0.1
126 silly currentTree ├── bluebird@3.5.0
126 silly currentTree ├── boom@2.10.1
126 silly currentTree ├── brace-expansion@1.1.8
126 silly currentTree ├── browser-stdout@1.3.0
126 silly currentTree ├── caseless@0.12.0
126 silly currentTree ├── chai@4.1.2
126 silly currentTree ├── check-error@1.0.2
126 silly currentTree ├── co@4.6.0
126 silly currentTree ├── combined-stream@1.0.5
126 silly currentTree ├── commander@2.9.0
126 silly currentTree ├── concat-map@0.0.1
126 silly currentTree ├── content-disposition@0.5.2
126 silly currentTree ├── content-type@1.0.2
126 silly currentTree ├── cookie-signature@1.0.6
126 silly currentTree ├── cookie@0.3.1
126 silly currentTree ├── core-js@1.2.7
126 silly currentTree ├── core-util-is@1.0.2
126 silly currentTree ├── cryptiles@2.0.5
126 silly currentTree ├── cssom@0.3.2
126 silly currentTree ├── cssstyle@0.2.37
126 silly currentTree ├─┬ dashdash@1.14.1
126 silly currentTree │ └── assert-plus@1.0.0
126 silly currentTree ├── debug@2.6.8
126 silly currentTree ├── deep-eql@3.0.0
126 silly currentTree ├── deep-is@0.1.3
126 silly currentTree ├── delayed-stream@1.0.0
126 silly currentTree ├── depd@1.1.1
126 silly currentTree ├── destroy@1.0.4
126 silly currentTree ├── diff@3.2.0
126 silly currentTree ├── ecc-jsbn@0.1.1
126 silly currentTree ├── ee-first@1.1.1
126 silly currentTree ├── encodeurl@1.0.1
126 silly currentTree ├── escape-html@1.0.3
126 silly currentTree ├── escape-string-regexp@1.0.5
126 silly currentTree ├── escodegen@1.8.1
126 silly currentTree ├── esprima@2.7.3
126 silly currentTree ├── estraverse@1.9.3
126 silly currentTree ├── esutils@2.0.2
126 silly currentTree ├── etag@1.8.0
126 silly currentTree ├── eventsource@0.1.6
126 silly currentTree ├── express@4.15.4
126 silly currentTree ├── extend@3.0.1
126 silly currentTree ├── extsprintf@1.3.0
126 silly currentTree ├── fast-levenshtein@2.0.6
126 silly currentTree ├── finalhandler@1.0.4
126 silly currentTree ├── forever-agent@0.6.1
126 silly currentTree ├── form-data@2.1.4
126 silly currentTree ├── forwarded@0.1.0
126 silly currentTree ├── fresh@0.5.0
126 silly currentTree ├── fs.realpath@1.0.0
126 silly currentTree ├── get-func-name@2.0.0
126 silly currentTree ├─┬ getpass@0.1.7
126 silly currentTree │ └── assert-plus@1.0.0
126 silly currentTree ├── glob@7.1.1
126 silly currentTree ├── graceful-readlink@1.0.1
126 silly currentTree ├── growl@1.9.2
126 silly currentTree ├── har-schema@1.0.5
126 silly currentTree ├── har-validator@4.2.1
126 silly currentTree ├── has-flag@1.0.0
126 silly currentTree ├── hawk@3.1.3
126 silly currentTree ├── hoek@2.16.3
126 silly currentTree ├── http-errors@1.6.2
126 silly currentTree ├── http-signature@1.1.1
126 silly currentTree ├── iconv-lite@0.4.18
126 silly currentTree ├── inflight@1.0.6
126 silly currentTree ├── inherits@2.0.3
126 silly currentTree ├── ipaddr.js@1.4.0
126 silly currentTree ├── is-typedarray@1.0.0
126 silly currentTree ├── isstream@0.1.2
126 silly currentTree ├── jsbn@0.1.1
126 silly currentTree ├── jsdom@7.2.2
126 silly currentTree ├── json-schema@0.2.3
126 silly currentTree ├── json-stable-stringify@1.0.1
126 silly currentTree ├── json-stringify-safe@5.0.1
126 silly currentTree ├── json3@3.3.2
126 silly currentTree ├── jsonify@0.0.0
126 silly currentTree ├─┬ jsprim@1.4.1
126 silly currentTree │ └── assert-plus@1.0.0
126 silly currentTree ├── levn@0.3.0
126 silly currentTree ├── lodash._baseassign@3.2.0
126 silly currentTree ├── lodash._basecopy@3.0.1
126 silly currentTree ├── lodash._basecreate@3.0.3
126 silly currentTree ├── lodash._getnative@3.9.1
126 silly currentTree ├── lodash._isiterateecall@3.0.9
126 silly currentTree ├── lodash.create@3.1.1
126 silly currentTree ├── lodash.isarguments@3.1.0
126 silly currentTree ├── lodash.isarray@3.0.4
126 silly currentTree ├── lodash.keys@3.1.2
126 silly currentTree ├── lodash@3.10.1
126 silly currentTree ├── media-typer@0.3.0
126 silly currentTree ├── merge-descriptors@1.0.1
126 silly currentTree ├── methods@1.1.2
126 silly currentTree ├── mime-db@1.30.0
126 silly currentTree ├── mime-types@2.1.17
126 silly currentTree ├── mime@1.3.4
126 silly currentTree ├── minimatch@3.0.4
126 silly currentTree ├── minimist@0.0.8
126 silly currentTree ├── mkdirp@0.5.1
126 silly currentTree ├── mocha@3.5.0
126 silly currentTree ├── ms@2.0.0
126 silly currentTree ├── negotiator@0.6.1
126 silly currentTree ├── nwmatcher@1.4.1
126 silly currentTree ├── oauth-sign@0.8.2
126 silly currentTree ├── on-finished@2.3.0
126 silly currentTree ├── once@1.4.0
126 silly currentTree ├── optionator@0.8.2
126 silly currentTree ├── options@0.0.6
126 silly currentTree ├── original@1.0.0
126 silly currentTree ├── parse5@1.5.1
126 silly currentTree ├── parseurl@1.3.1
126 silly currentTree ├── path-is-absolute@1.0.1
126 silly currentTree ├── path-to-regexp@0.1.7
126 silly currentTree ├── pathval@1.1.0
126 silly currentTree ├── performance-now@0.2.0
126 silly currentTree ├── prelude-ls@1.1.2
126 silly currentTree ├── proxy-addr@1.1.5
126 silly currentTree ├── punycode@1.4.1
126 silly currentTree ├── qs@6.5.0
126 silly currentTree ├── querystringify@0.0.4
126 silly currentTree ├── range-parser@1.2.0
126 silly currentTree ├─┬ request@2.81.0
126 silly currentTree │ └── qs@6.4.0
126 silly currentTree ├── requires-port@1.0.0
126 silly currentTree ├── safe-buffer@5.1.1
126 silly currentTree ├── sax@1.2.4
126 silly currentTree ├── send@0.15.4
126 silly currentTree ├── serve-static@1.12.4
126 silly currentTree ├── setprototypeof@1.0.3
126 silly currentTree ├── sntp@1.0.9
126 silly currentTree ├── source-map@0.2.0
126 silly currentTree ├─┬ sshpk@1.13.1
126 silly currentTree │ └── assert-plus@1.0.0
126 silly currentTree ├── statuses@1.3.1
126 silly currentTree ├── stringstream@0.0.5
126 silly currentTree ├── supports-color@3.1.2
126 silly currentTree ├── symbol-tree@3.2.2
126 silly currentTree ├── tough-cookie@2.3.2
126 silly currentTree ├── tr46@0.0.3
126 silly currentTree ├── tunnel-agent@0.6.0
126 silly currentTree ├── tweetnacl@0.14.5
126 silly currentTree ├── type-check@0.3.2
126 silly currentTree ├── type-detect@4.0.3
126 silly currentTree ├── type-is@1.6.15
126 silly currentTree ├── ultron@1.0.2
126 silly currentTree ├── unpipe@1.0.0
126 silly currentTree ├── url-parse@1.0.5
126 silly currentTree ├── utils-merge@1.0.0
126 silly currentTree ├── uuid@3.1.0
126 silly currentTree ├── vary@1.1.1
126 silly currentTree ├─┬ verror@1.10.0
126 silly currentTree │ └── assert-plus@1.0.0
126 silly currentTree ├── webidl-conversions@2.0.1
126 silly currentTree ├── whatwg-url-compat@0.6.5
126 silly currentTree ├── wordwrap@1.0.0
126 silly currentTree ├── wrappy@1.0.2
126 silly currentTree ├── ws@1.1.4
126 silly currentTree ├── xml-name-validator@2.0.1
126 silly currentTree └─┬ zombie@5.0.7
126 silly currentTree   └── ms@0.7.3
127 silly idealTree drpjsmakersbnb@1.0.0
127 silly idealTree ├── abab@1.0.3
127 silly idealTree ├── accepts@1.3.4
127 silly idealTree ├── acorn-globals@1.0.9
127 silly idealTree ├── acorn@2.7.0
127 silly idealTree ├── ajv@4.11.8
127 silly idealTree ├── amdefine@1.0.1
127 silly idealTree ├── array-flatten@1.1.1
127 silly idealTree ├── asn1@0.2.3
127 silly idealTree ├── assert-plus@0.2.0
127 silly idealTree ├── assertion-error@1.0.2
127 silly idealTree ├── asynckit@0.4.0
127 silly idealTree ├── aws-sign2@0.6.0
127 silly idealTree ├── aws4@1.6.0
127 silly idealTree ├── babel-runtime@5.8.29
127 silly idealTree ├── balanced-match@1.0.0
127 silly idealTree ├── bcrypt-pbkdf@1.0.1
127 silly idealTree ├── bluebird@3.5.0
127 silly idealTree ├── boom@2.10.1
127 silly idealTree ├── brace-expansion@1.1.8
127 silly idealTree ├── browser-stdout@1.3.0
127 silly idealTree ├── caseless@0.12.0
127 silly idealTree ├── chai@4.1.2
127 silly idealTree ├── check-error@1.0.2
127 silly idealTree ├── co@4.6.0
127 silly idealTree ├── combined-stream@1.0.5
127 silly idealTree ├── commander@2.9.0
127 silly idealTree ├── concat-map@0.0.1
127 silly idealTree ├── content-disposition@0.5.2
127 silly idealTree ├── content-type@1.0.2
127 silly idealTree ├── cookie-signature@1.0.6
127 silly idealTree ├── cookie@0.3.1
127 silly idealTree ├── core-js@1.2.7
127 silly idealTree ├── core-util-is@1.0.2
127 silly idealTree ├── cryptiles@2.0.5
127 silly idealTree ├── cssom@0.3.2
127 silly idealTree ├── cssstyle@0.2.37
127 silly idealTree ├─┬ dashdash@1.14.1
127 silly idealTree │ └── assert-plus@1.0.0
127 silly idealTree ├── debug@2.6.8
127 silly idealTree ├── deep-eql@3.0.0
127 silly idealTree ├── deep-is@0.1.3
127 silly idealTree ├── delayed-stream@1.0.0
127 silly idealTree ├── depd@1.1.1
127 silly idealTree ├── destroy@1.0.4
127 silly idealTree ├── diff@3.2.0
127 silly idealTree ├── ecc-jsbn@0.1.1
127 silly idealTree ├── ee-first@1.1.1
127 silly idealTree ├── encodeurl@1.0.1
127 silly idealTree ├── escape-html@1.0.3
127 silly idealTree ├── escape-string-regexp@1.0.5
127 silly idealTree ├── escodegen@1.8.1
127 silly idealTree ├── esprima@2.7.3
127 silly idealTree ├── estraverse@1.9.3
127 silly idealTree ├── esutils@2.0.2
127 silly idealTree ├── etag@1.8.0
127 silly idealTree ├── eventsource@0.1.6
127 silly idealTree ├── express@4.15.4
127 silly idealTree ├── extend@3.0.1
127 silly idealTree ├── extsprintf@1.3.0
127 silly idealTree ├── fast-levenshtein@2.0.6
127 silly idealTree ├── finalhandler@1.0.4
127 silly idealTree ├── forever-agent@0.6.1
127 silly idealTree ├── form-data@2.1.4
127 silly idealTree ├── forwarded@0.1.0
127 silly idealTree ├── fresh@0.5.0
127 silly idealTree ├── fs.realpath@1.0.0
127 silly idealTree ├── get-func-name@2.0.0
127 silly idealTree ├─┬ getpass@0.1.7
127 silly idealTree │ └── assert-plus@1.0.0
127 silly idealTree ├── glob@7.1.1
127 silly idealTree ├── graceful-readlink@1.0.1
127 silly idealTree ├── growl@1.9.2
127 silly idealTree ├── har-schema@1.0.5
127 silly idealTree ├── har-validator@4.2.1
127 silly idealTree ├── has-flag@1.0.0
127 silly idealTree ├── hawk@3.1.3
127 silly idealTree ├── hoek@2.16.3
127 silly idealTree ├── http-errors@1.6.2
127 silly idealTree ├── http-signature@1.1.1
127 silly idealTree ├── iconv-lite@0.4.18
127 silly idealTree ├── inflight@1.0.6
127 silly idealTree ├── inherits@2.0.3
127 silly idealTree ├── ipaddr.js@1.4.0
127 silly idealTree ├── is-typedarray@1.0.0
127 silly idealTree ├── isstream@0.1.2
127 silly idealTree ├── jsbn@0.1.1
127 silly idealTree ├── jsdom@7.2.2
127 silly idealTree ├── json-schema@0.2.3
127 silly idealTree ├── json-stable-stringify@1.0.1
127 silly idealTree ├── json-stringify-safe@5.0.1
127 silly idealTree ├── json3@3.3.2
127 silly idealTree ├── jsonify@0.0.0
127 silly idealTree ├─┬ jsprim@1.4.1
127 silly idealTree │ └── assert-plus@1.0.0
127 silly idealTree ├── levn@0.3.0
127 silly idealTree ├── lodash._baseassign@3.2.0
127 silly idealTree ├── lodash._basecopy@3.0.1
127 silly idealTree ├── lodash._basecreate@3.0.3
127 silly idealTree ├── lodash._getnative@3.9.1
127 silly idealTree ├── lodash._isiterateecall@3.0.9
127 silly idealTree ├── lodash.create@3.1.1
127 silly idealTree ├── lodash.isarguments@3.1.0
127 silly idealTree ├── lodash.isarray@3.0.4
127 silly idealTree ├── lodash.keys@3.1.2
127 silly idealTree ├── lodash@3.10.1
127 silly idealTree ├── media-typer@0.3.0
127 silly idealTree ├── merge-descriptors@1.0.1
127 silly idealTree ├── methods@1.1.2
127 silly idealTree ├── mime-db@1.30.0
127 silly idealTree ├── mime-types@2.1.17
127 silly idealTree ├── mime@1.3.4
127 silly idealTree ├── minimatch@3.0.4
127 silly idealTree ├── minimist@0.0.8
127 silly idealTree ├── mkdirp@0.5.1
127 silly idealTree ├── mocha@3.5.0
127 silly idealTree ├── ms@2.0.0
127 silly idealTree ├── negotiator@0.6.1
127 silly idealTree ├── node-bin-setup@1.0.6
127 silly idealTree ├── node@8.3.0
127 silly idealTree ├── nwmatcher@1.4.1
127 silly idealTree ├── oauth-sign@0.8.2
127 silly idealTree ├── on-finished@2.3.0
127 silly idealTree ├── once@1.4.0
127 silly idealTree ├── optionator@0.8.2
127 silly idealTree ├── options@0.0.6
127 silly idealTree ├── original@1.0.0
127 silly idealTree ├── parse5@1.5.1
127 silly idealTree ├── parseurl@1.3.1
127 silly idealTree ├── path-is-absolute@1.0.1
127 silly idealTree ├── path-to-regexp@0.1.7
127 silly idealTree ├── pathval@1.1.0
127 silly idealTree ├── performance-now@0.2.0
127 silly idealTree ├── prelude-ls@1.1.2
127 silly idealTree ├── proxy-addr@1.1.5
127 silly idealTree ├── punycode@1.4.1
127 silly idealTree ├── qs@6.5.0
127 silly idealTree ├── querystringify@0.0.4
127 silly idealTree ├── range-parser@1.2.0
127 silly idealTree ├─┬ request@2.81.0
127 silly idealTree │ └── qs@6.4.0
127 silly idealTree ├── requires-port@1.0.0
127 silly idealTree ├── safe-buffer@5.1.1
127 silly idealTree ├── sax@1.2.4
127 silly idealTree ├── send@0.15.4
127 silly idealTree ├── serve-static@1.12.4
127 silly idealTree ├── setprototypeof@1.0.3
127 silly idealTree ├── sntp@1.0.9
127 silly idealTree ├── source-map@0.2.0
127 silly idealTree ├─┬ sshpk@1.13.1
127 silly idealTree │ └── assert-plus@1.0.0
127 silly idealTree ├── statuses@1.3.1
127 silly idealTree ├── stringstream@0.0.5
127 silly idealTree ├── supports-color@3.1.2
127 silly idealTree ├── symbol-tree@3.2.2
127 silly idealTree ├── tough-cookie@2.3.2
127 silly idealTree ├── tr46@0.0.3
127 silly idealTree ├── tunnel-agent@0.6.0
127 silly idealTree ├── tweetnacl@0.14.5
127 silly idealTree ├── type-check@0.3.2
127 silly idealTree ├── type-detect@4.0.3
127 silly idealTree ├── type-is@1.6.15
127 silly idealTree ├── ultron@1.0.2
127 silly idealTree ├── unpipe@1.0.0
127 silly idealTree ├── url-parse@1.0.5
127 silly idealTree ├── utils-merge@1.0.0
127 silly idealTree ├── uuid@3.1.0
127 silly idealTree ├── vary@1.1.1
127 silly idealTree ├─┬ verror@1.10.0
127 silly idealTree │ └── assert-plus@1.0.0
127 silly idealTree ├── webidl-conversions@2.0.1
127 silly idealTree ├── whatwg-url-compat@0.6.5
127 silly idealTree ├── wordwrap@1.0.0
127 silly idealTree ├── wrappy@1.0.2
127 silly idealTree ├── ws@1.1.4
127 silly idealTree ├── xml-name-validator@2.0.1
127 silly idealTree └─┬ zombie@5.0.7
127 silly idealTree   └── ms@0.7.3
128 silly generateActionsToTake Starting
129 silly install generateActionsToTake
130 silly generateActionsToTake Finishing
131 silly diffTrees action count 2
132 silly diffTrees add node-bin-setup@1.0.6
133 silly diffTrees add node@8.3.0
134 silly decomposeActions action count 16
135 silly decomposeActions fetch node-bin-setup@1.0.6
136 silly decomposeActions extract node-bin-setup@1.0.6
137 silly decomposeActions test node-bin-setup@1.0.6
138 silly decomposeActions preinstall node-bin-setup@1.0.6
139 silly decomposeActions build node-bin-setup@1.0.6
140 silly decomposeActions install node-bin-setup@1.0.6
141 silly decomposeActions postinstall node-bin-setup@1.0.6
142 silly decomposeActions finalize node-bin-setup@1.0.6
143 silly decomposeActions fetch node@8.3.0
144 silly decomposeActions extract node@8.3.0
145 silly decomposeActions test node@8.3.0
146 silly decomposeActions preinstall node@8.3.0
147 silly decomposeActions build node@8.3.0
148 silly decomposeActions install node@8.3.0
149 silly decomposeActions postinstall node@8.3.0
150 silly decomposeActions finalize node@8.3.0
151 silly runTopLevelLifecycles Starting
152 silly executeActions Starting
153 silly install executeActions
154 silly doSerial global-install 0
155 silly doParallel fetch 2
156 verbose correctMkdir /Users/stephengeller/.npm/_locks correctMkdir not in flight; initializing
157 verbose lock using /Users/stephengeller/.npm/_locks/staging-857ff9473cfc3a6a.lock for /Users/stephengeller/Desktop/Projects/makers-academy/week-6/DrPJsMakersBnB/node_modules/.staging
158 silly doParallel extract 2
159 silly extract node-bin-setup@1.0.6
160 silly extract node@8.3.0
161 verbose unbuild node_modules/.staging/node-bin-setup-89ea5c7b
162 verbose unbuild node_modules/.staging/node-1b49cc0e
163 silly gentlyRm /Users/stephengeller/Desktop/Projects/makers-academy/week-6/DrPJsMakersBnB/node_modules/.staging/node-bin-setup-89ea5c7b is being purged from base /Users/stephengeller/Desktop/Projects/makers-academy/week-6/DrPJsMakersBnB
164 verbose gentlyRm don't care about contents; nuking /Users/stephengeller/Desktop/Projects/makers-academy/week-6/DrPJsMakersBnB/node_modules/.staging/node-bin-setup-89ea5c7b
165 verbose tar unpack /Users/stephengeller/.npm/node-bin-setup/1.0.6/package.tgz
166 verbose tar unpacking to /Users/stephengeller/Desktop/Projects/makers-academy/week-6/DrPJsMakersBnB/node_modules/.staging/node-bin-setup-89ea5c7b
167 silly gentlyRm /Users/stephengeller/Desktop/Projects/makers-academy/week-6/DrPJsMakersBnB/node_modules/.staging/node-bin-setup-89ea5c7b is being purged
168 verbose gentlyRm don't care about contents; nuking /Users/stephengeller/Desktop/Projects/makers-academy/week-6/DrPJsMakersBnB/node_modules/.staging/node-bin-setup-89ea5c7b
169 silly gentlyRm /Users/stephengeller/Desktop/Projects/makers-academy/week-6/DrPJsMakersBnB/node_modules/.staging/node-1b49cc0e is being purged from base /Users/stephengeller/Desktop/Projects/makers-academy/week-6/DrPJsMakersBnB
170 verbose gentlyRm don't care about contents; nuking /Users/stephengeller/Desktop/Projects/makers-academy/week-6/DrPJsMakersBnB/node_modules/.staging/node-1b49cc0e
171 silly gunzTarPerm modes [ '755', '644' ]
172 verbose tar unpack /Users/stephengeller/.npm/node/8.3.0/package.tgz
173 verbose tar unpacking to /Users/stephengeller/Desktop/Projects/makers-academy/week-6/DrPJsMakersBnB/node_modules/.staging/node-1b49cc0e
174 silly gentlyRm /Users/stephengeller/Desktop/Projects/makers-academy/week-6/DrPJsMakersBnB/node_modules/.staging/node-1b49cc0e is being purged
175 verbose gentlyRm don't care about contents; nuking /Users/stephengeller/Desktop/Projects/makers-academy/week-6/DrPJsMakersBnB/node_modules/.staging/node-1b49cc0e
176 silly gunzTarPerm modes [ '755', '644' ]
177 silly gunzTarPerm extractEntry package.json
178 silly gunzTarPerm extractEntry package.json
179 silly gunzTarPerm extractEntry index.js
180 silly gunzTarPerm extractEntry README.md
181 silly gunzTarPerm extractEntry installArchSpecificPackage.js
182 silly gentlyRm /Users/stephengeller/Desktop/Projects/makers-academy/week-6/DrPJsMakersBnB/node_modules/.staging/node-bin-setup-89ea5c7b/node_modules is being purged
183 verbose gentlyRm don't care about contents; nuking /Users/stephengeller/Desktop/Projects/makers-academy/week-6/DrPJsMakersBnB/node_modules/.staging/node-bin-setup-89ea5c7b/node_modules
184 silly gentlyRm /Users/stephengeller/Desktop/Projects/makers-academy/week-6/DrPJsMakersBnB/node_modules/.staging/node-1b49cc0e/node_modules is being purged
185 verbose gentlyRm don't care about contents; nuking /Users/stephengeller/Desktop/Projects/makers-academy/week-6/DrPJsMakersBnB/node_modules/.staging/node-1b49cc0e/node_modules
186 silly doParallel preinstall 2
187 silly preinstall node-bin-setup@1.0.6 /Users/stephengeller/Desktop/Projects/makers-academy/week-6/DrPJsMakersBnB/node_modules/.staging/node-bin-setup-89ea5c7b
188 info lifecycle node-bin-setup@1.0.6~preinstall: node-bin-setup@1.0.6
189 silly preinstall node@8.3.0 /Users/stephengeller/Desktop/Projects/makers-academy/week-6/DrPJsMakersBnB/node_modules/.staging/node-1b49cc0e
190 info lifecycle node@8.3.0~preinstall: node@8.3.0
191 silly lifecycle node-bin-setup@1.0.6~preinstall: no script for preinstall, continuing
192 verbose lifecycle node@8.3.0~preinstall: unsafe-perm in lifecycle true
193 verbose lifecycle node@8.3.0~preinstall: PATH: /usr/local/lib/node_modules/npm/bin/node-gyp-bin:/Users/stephengeller/Desktop/Projects/makers-academy/week-6/DrPJsMakersBnB/node_modules/.staging/node-1b49cc0e/node_modules/.bin:/Users/stephengeller/Desktop/Projects/makers-academy/week-6/DrPJsMakersBnB/node_modules/.bin:/Users/stephengeller/.rvm/gems/ruby-2.4.1/bin:/Users/stephengeller/.rvm/gems/ruby-2.4.1@global/bin:/Users/stephengeller/.rvm/rubies/ruby-2.4.1/bin:/usr/local/bin:/usr/bin:/bin:/usr/sbin:/sbin:/Library/Frameworks/Mono.framework/Versions/Current/Commands:/Users/stephengeller/.rvm/bin
194 verbose lifecycle node@8.3.0~preinstall: CWD: /Users/stephengeller/Desktop/Projects/makers-academy/week-6/DrPJsMakersBnB/node_modules/.staging/node-1b49cc0e
195 silly lifecycle node@8.3.0~preinstall: Args: [ '-c', 'node installArchSpecificPackage' ]
196 silly lifecycle node@8.3.0~preinstall: Returned: code: 1  signal: null
197 info lifecycle node@8.3.0~preinstall: Failed to exec preinstall script
198 verbose unlock done using /Users/stephengeller/.npm/_locks/staging-857ff9473cfc3a6a.lock for /Users/stephengeller/Desktop/Projects/makers-academy/week-6/DrPJsMakersBnB/node_modules/.staging
199 silly rollbackFailedOptional Starting
200 silly rollbackFailedOptional Finishing
201 silly runTopLevelLifecycles Finishing
202 silly install printInstalled
203 warn drpjsmakersbnb@1.0.0 No repository field.
204 verbose If you need help, you may report this error at:
204 verbose     <https://github.com/npm/npm/issues>
205 verbose stack Error: node@8.3.0 preinstall: `node installArchSpecificPackage`
205 verbose stack Exit status 1
205 verbose stack     at EventEmitter.<anonymous> (/usr/local/lib/node_modules/npm/lib/utils/lifecycle.js:255:16)
205 verbose stack     at emitTwo (events.js:106:13)
205 verbose stack     at EventEmitter.emit (events.js:191:7)
205 verbose stack     at ChildProcess.<anonymous> (/usr/local/lib/node_modules/npm/lib/utils/spawn.js:40:14)
205 verbose stack     at emitTwo (events.js:106:13)
205 verbose stack     at ChildProcess.emit (events.js:191:7)
205 verbose stack     at maybeClose (internal/child_process.js:891:16)
205 verbose stack     at Process.ChildProcess._handle.onexit (internal/child_process.js:226:5)
206 verbose pkgid node@8.3.0
207 verbose cwd /Users/stephengeller/Desktop/Projects/makers-academy/week-6/DrPJsMakersBnB
208 error Darwin 16.6.0
209 error argv "/usr/local/bin/node" "/usr/local/bin/npm" "install" "node"
210 error node v6.11.2
211 error npm  v3.10.10
212 error code ELIFECYCLE
213 error node@8.3.0 preinstall: `node installArchSpecificPackage`
213 error Exit status 1
214 error Failed at the node@8.3.0 preinstall script 'node installArchSpecificPackage'.
214 error Make sure you have the latest version of node.js and npm installed.
214 error If you do, this is most likely a problem with the node package,
214 error not with npm itself.
214 error Tell the author that this fails on your system:
214 error     node installArchSpecificPackage
214 error You can get information on how to open an issue for this project with:
214 error     npm bugs node
214 error Or if that isn't available, you can get their info via:
214 error     npm owner ls node
214 error There is likely additional logging output above.
215 verbose exit [ 1, true ]
